终端机在文法中未使用

    ERROR


状态 25冲突：2 项归约/归约
状态 69冲突：1 项偏移/归约
状态 91冲突：2 项归约/归约


语法

    0 $accept: program $end

    1 program: class_list

    2 class_list: class
    3           | class_list class

    4 class: CLASS TYPEID '{' feature_list '}' ';'
    5      | CLASS TYPEID INHERITS TYPEID '{' feature_list '}' ';'
    6      | error ';'

    7 feature_list: %empty
    8             | feature_list feature

    9 feature: OBJECTID '(' formal_list ')' ':' TYPEID '{' expression '}' ';'
   10        | OBJECTID ':' TYPEID ';'
   11        | OBJECTID ':' TYPEID ASSIGN expression ';'
   12        | error ';'

   13 formal_list: %empty
   14            | formal
   15            | formal_list ',' formal
   16            | error

   17 formal: OBJECTID ':' TYPEID
   18       | error

   19 real_arg_list: %empty
   20              | expression
   21              | real_arg_list ',' expression
   22              | error

   23 expressions_block: expression ';'
   24                  | expressions_block expression ';'
   25                  | error ';'

   26 expression: OBJECTID ASSIGN expression
   27           | expression '.' OBJECTID '(' real_arg_list ')'
   28           | expression '@' TYPEID '.' OBJECTID '(' real_arg_list ')'
   29           | OBJECTID '(' real_arg_list ')'
   30           | IF expression THEN expression ELSE expression FI
   31           | WHILE expression LOOP expression POOL
   32           | '{' expressions_block '}'
   33           | LET let
   34           | CASE expression OF case_list ESAC
   35           | NEW TYPEID
   36           | ISVOID expression
   37           | expression '+' expression
   38           | expression '-' expression
   39           | expression '*' expression
   40           | expression '/' expression
   41           | '~' expression
   42           | expression '<' expression
   43           | expression LE expression
   44           | expression '=' expression
   45           | NOT expression
   46           | '(' expression ')'
   47           | OBJECTID
   48           | INT_CONST
   49           | STR_CONST
   50           | BOOL_CONST
   51           | error

   52 let: OBJECTID ':' TYPEID IN expression
   53    | OBJECTID ':' TYPEID ASSIGN expression IN expression
   54    | OBJECTID ':' TYPEID ',' let
   55    | OBJECTID ':' TYPEID ASSIGN expression ',' let
   56    | error IN expression
   57    | error ',' let

   58 case_list: case
   59          | case_list case

   60 case: OBJECTID ':' TYPEID DARROW expression ';'
   61     | error


终结语词，附有它们出现处的规则

    $end (0) 0
    '(' (40) 9 27 28 29 46
    ')' (41) 9 27 28 29 46
    '*' (42) 39
    '+' (43) 37
    ',' (44) 15 21 54 55 57
    '-' (45) 38
    '.' (46) 27 28
    '/' (47) 40
    ':' (58) 9 10 11 17 52 53 54 55 60
    ';' (59) 4 5 6 9 10 11 12 23 24 25 60
    '<' (60) 42
    '=' (61) 44
    '@' (64) 28
    '{' (123) 4 5 9 32
    '}' (125) 4 5 9 32
    '~' (126) 41
    error (256) 6 12 16 18 22 25 51 56 57 61
    CLASS (258) 4 5
    ELSE (259) 30
    FI (260) 30
    IF (261) 30
    IN (262) 52 53 56
    INHERITS (263) 5
    LET (264) 33
    LOOP (265) 31
    POOL (266) 31
    THEN (267) 30
    WHILE (268) 31
    CASE (269) 34
    ESAC (270) 34
    OF (271) 34
    DARROW (272) 60
    NEW (273) 35
    ISVOID (274) 36
    STR_CONST <symbol> (275) 49
    INT_CONST <symbol> (276) 48
    BOOL_CONST <boolean> (277) 50
    TYPEID <symbol> (278) 4 5 9 10 11 17 28 35 52 53 54 55 60
    OBJECTID <symbol> (279) 9 10 11 17 26 27 28 29 47 52 53 54 55 60
    ASSIGN (280) 11 26 53 55
    NOT (281) 45
    LE (282) 43
    ERROR (283)
    FLAG (285)


非终结语词，附有它们出现处的规则

    $accept (46)
        on left: 0
    program <program> (47)
        on left: 1
        on right: 0
    class_list <classes> (48)
        on left: 2 3
        on right: 1 3
    class <class_> (49)
        on left: 4 5 6
        on right: 2 3
    feature_list <features> (50)
        on left: 7 8
        on right: 4 5 8
    feature <feature> (51)
        on left: 9 10 11 12
        on right: 8
    formal_list <formals> (52)
        on left: 13 14 15 16
        on right: 9 15
    formal <formal> (53)
        on left: 17 18
        on right: 14 15
    real_arg_list <expressions> (54)
        on left: 19 20 21 22
        on right: 21 27 28 29
    expressions_block <expressions> (55)
        on left: 23 24 25
        on right: 24 32
    expression <expression> (56)
        on left: 26 27 28 29 30 31 32 33 34 35 36 37 38 39 40 41 42 43 44 45 46 47 48 49 50 51
        on right: 9 11 20 21 23 24 26 27 28 30 31 34 36 37 38 39 40 41 42 43 44 45 46 52 53 55 56 60
    let <expression> (57)
        on left: 52 53 54 55 56 57
        on right: 33 54 55 57
    case_list <cases> (58)
        on left: 58 59
        on right: 34 59
    case <case_> (59)
        on left: 60 61
        on right: 58 59


状态 0

    0 $accept: • program $end

    error  偏移，并进入状态 1
    CLASS  偏移，并进入状态 2

    program     转到状态 3
    class_list  转到状态 4
    class       转到状态 5


状态 1

    6 class: error • ';'

    ';'  偏移，并进入状态 6


状态 2

    4 class: CLASS • TYPEID '{' feature_list '}' ';'
    5      | CLASS • TYPEID INHERITS TYPEID '{' feature_list '}' ';'

    TYPEID  偏移，并进入状态 7


状态 3

    0 $accept: program • $end

    $end  偏移，并进入状态 8


状态 4

    1 program: class_list •
    3 class_list: class_list • class

    error  偏移，并进入状态 1
    CLASS  偏移，并进入状态 2

    $end  使用规则 1 以归约 (program)

    class  转到状态 9


状态 5

    2 class_list: class •

    $default  使用规则 2 以归约 (class_list)


状态 6

    6 class: error ';' •

    $default  使用规则 6 以归约 (class)


状态 7

    4 class: CLASS TYPEID • '{' feature_list '}' ';'
    5      | CLASS TYPEID • INHERITS TYPEID '{' feature_list '}' ';'

    INHERITS  偏移，并进入状态 10
    '{'       偏移，并进入状态 11


状态 8

    0 $accept: program $end •

    $default  接受


状态 9

    3 class_list: class_list class •

    $default  使用规则 3 以归约 (class_list)


状态 10

    5 class: CLASS TYPEID INHERITS • TYPEID '{' feature_list '}' ';'

    TYPEID  偏移，并进入状态 12


状态 11

    4 class: CLASS TYPEID '{' • feature_list '}' ';'

    $default  使用规则 7 以归约 (feature_list)

    feature_list  转到状态 13


状态 12

    5 class: CLASS TYPEID INHERITS TYPEID • '{' feature_list '}' ';'

    '{'  偏移，并进入状态 14


状态 13

    4 class: CLASS TYPEID '{' feature_list • '}' ';'
    8 feature_list: feature_list • feature

    error     偏移，并进入状态 15
    OBJECTID  偏移，并进入状态 16
    '}'       偏移，并进入状态 17

    feature  转到状态 18


状态 14

    5 class: CLASS TYPEID INHERITS TYPEID '{' • feature_list '}' ';'

    $default  使用规则 7 以归约 (feature_list)

    feature_list  转到状态 19


状态 15

   12 feature: error • ';'

    ';'  偏移，并进入状态 20


状态 16

    9 feature: OBJECTID • '(' formal_list ')' ':' TYPEID '{' expression '}' ';'
   10        | OBJECTID • ':' TYPEID ';'
   11        | OBJECTID • ':' TYPEID ASSIGN expression ';'

    '('  偏移，并进入状态 21
    ':'  偏移，并进入状态 22


状态 17

    4 class: CLASS TYPEID '{' feature_list '}' • ';'

    ';'  偏移，并进入状态 23


状态 18

    8 feature_list: feature_list feature •

    $default  使用规则 8 以归约 (feature_list)


状态 19

    5 class: CLASS TYPEID INHERITS TYPEID '{' feature_list • '}' ';'
    8 feature_list: feature_list • feature

    error     偏移，并进入状态 15
    OBJECTID  偏移，并进入状态 16
    '}'       偏移，并进入状态 24

    feature  转到状态 18


状态 20

   12 feature: error ';' •

    $default  使用规则 12 以归约 (feature)


状态 21

    9 feature: OBJECTID '(' • formal_list ')' ':' TYPEID '{' expression '}' ';'

    error     偏移，并进入状态 25
    OBJECTID  偏移，并进入状态 26

    ')'  使用规则 13 以归约 (formal_list)
    ','  使用规则 13 以归约 (formal_list)

    formal_list  转到状态 27
    formal       转到状态 28


状态 22

   10 feature: OBJECTID ':' • TYPEID ';'
   11        | OBJECTID ':' • TYPEID ASSIGN expression ';'

    TYPEID  偏移，并进入状态 29


状态 23

    4 class: CLASS TYPEID '{' feature_list '}' ';' •

    $default  使用规则 4 以归约 (class)


状态 24

    5 class: CLASS TYPEID INHERITS TYPEID '{' feature_list '}' • ';'

    ';'  偏移，并进入状态 30


状态 25

   16 formal_list: error •
   18 formal: error •

    ')'       使用规则 16 以归约 (formal_list)
    ')'       [使用规则 18 以归约 (formal)]
    ','       使用规则 16 以归约 (formal_list)
    ','       [使用规则 18 以归约 (formal)]
    $default  使用规则 16 以归约 (formal_list)


状态 26

   17 formal: OBJECTID • ':' TYPEID

    ':'  偏移，并进入状态 31


状态 27

    9 feature: OBJECTID '(' formal_list • ')' ':' TYPEID '{' expression '}' ';'
   15 formal_list: formal_list • ',' formal

    ')'  偏移，并进入状态 32
    ','  偏移，并进入状态 33


状态 28

   14 formal_list: formal •

    $default  使用规则 14 以归约 (formal_list)


状态 29

   10 feature: OBJECTID ':' TYPEID • ';'
   11        | OBJECTID ':' TYPEID • ASSIGN expression ';'

    ASSIGN  偏移，并进入状态 34
    ';'     偏移，并进入状态 35


状态 30

    5 class: CLASS TYPEID INHERITS TYPEID '{' feature_list '}' ';' •

    $default  使用规则 5 以归约 (class)


状态 31

   17 formal: OBJECTID ':' • TYPEID

    TYPEID  偏移，并进入状态 36


状态 32

    9 feature: OBJECTID '(' formal_list ')' • ':' TYPEID '{' expression '}' ';'

    ':'  偏移，并进入状态 37


状态 33

   15 formal_list: formal_list ',' • formal

    error     偏移，并进入状态 38
    OBJECTID  偏移，并进入状态 26

    formal  转到状态 39


状态 34

   11 feature: OBJECTID ':' TYPEID ASSIGN • expression ';'

    error       偏移，并进入状态 40
    IF          偏移，并进入状态 41
    LET         偏移，并进入状态 42
    WHILE       偏移，并进入状态 43
    CASE        偏移，并进入状态 44
    NEW         偏移，并进入状态 45
    ISVOID      偏移，并进入状态 46
    STR_CONST   偏移，并进入状态 47
    INT_CONST   偏移，并进入状态 48
    BOOL_CONST  偏移，并进入状态 49
    OBJECTID    偏移，并进入状态 50
    NOT         偏移，并进入状态 51
    '~'         偏移，并进入状态 52
    '{'         偏移，并进入状态 53
    '('         偏移，并进入状态 54

    expression  转到状态 55


状态 35

   10 feature: OBJECTID ':' TYPEID ';' •

    $default  使用规则 10 以归约 (feature)


状态 36

   17 formal: OBJECTID ':' TYPEID •

    $default  使用规则 17 以归约 (formal)


状态 37

    9 feature: OBJECTID '(' formal_list ')' ':' • TYPEID '{' expression '}' ';'

    TYPEID  偏移，并进入状态 56


状态 38

   18 formal: error •

    $default  使用规则 18 以归约 (formal)


状态 39

   15 formal_list: formal_list ',' formal •

    $default  使用规则 15 以归约 (formal_list)


状态 40

   51 expression: error •

    $default  使用规则 51 以归约 (expression)


状态 41

   30 expression: IF • expression THEN expression ELSE expression FI

    error       偏移，并进入状态 40
    IF          偏移，并进入状态 41
    LET         偏移，并进入状态 42
    WHILE       偏移，并进入状态 43
    CASE        偏移，并进入状态 44
    NEW         偏移，并进入状态 45
    ISVOID      偏移，并进入状态 46
    STR_CONST   偏移，并进入状态 47
    INT_CONST   偏移，并进入状态 48
    BOOL_CONST  偏移，并进入状态 49
    OBJECTID    偏移，并进入状态 50
    NOT         偏移，并进入状态 51
    '~'         偏移，并进入状态 52
    '{'         偏移，并进入状态 53
    '('         偏移，并进入状态 54

    expression  转到状态 57


状态 42

   33 expression: LET • let

    error     偏移，并进入状态 58
    OBJECTID  偏移，并进入状态 59

    let  转到状态 60


状态 43

   31 expression: WHILE • expression LOOP expression POOL

    error       偏移，并进入状态 40
    IF          偏移，并进入状态 41
    LET         偏移，并进入状态 42
    WHILE       偏移，并进入状态 43
    CASE        偏移，并进入状态 44
    NEW         偏移，并进入状态 45
    ISVOID      偏移，并进入状态 46
    STR_CONST   偏移，并进入状态 47
    INT_CONST   偏移，并进入状态 48
    BOOL_CONST  偏移，并进入状态 49
    OBJECTID    偏移，并进入状态 50
    NOT         偏移，并进入状态 51
    '~'         偏移，并进入状态 52
    '{'         偏移，并进入状态 53
    '('         偏移，并进入状态 54

    expression  转到状态 61


状态 44

   34 expression: CASE • expression OF case_list ESAC

    error       偏移，并进入状态 40
    IF          偏移，并进入状态 41
    LET         偏移，并进入状态 42
    WHILE       偏移，并进入状态 43
    CASE        偏移，并进入状态 44
    NEW         偏移，并进入状态 45
    ISVOID      偏移，并进入状态 46
    STR_CONST   偏移，并进入状态 47
    INT_CONST   偏移，并进入状态 48
    BOOL_CONST  偏移，并进入状态 49
    OBJECTID    偏移，并进入状态 50
    NOT         偏移，并进入状态 51
    '~'         偏移，并进入状态 52
    '{'         偏移，并进入状态 53
    '('         偏移，并进入状态 54

    expression  转到状态 62


状态 45

   35 expression: NEW • TYPEID

    TYPEID  偏移，并进入状态 63


状态 46

   36 expression: ISVOID • expression

    error       偏移，并进入状态 40
    IF          偏移，并进入状态 41
    LET         偏移，并进入状态 42
    WHILE       偏移，并进入状态 43
    CASE        偏移，并进入状态 44
    NEW         偏移，并进入状态 45
    ISVOID      偏移，并进入状态 46
    STR_CONST   偏移，并进入状态 47
    INT_CONST   偏移，并进入状态 48
    BOOL_CONST  偏移，并进入状态 49
    OBJECTID    偏移，并进入状态 50
    NOT         偏移，并进入状态 51
    '~'         偏移，并进入状态 52
    '{'         偏移，并进入状态 53
    '('         偏移，并进入状态 54

    expression  转到状态 64


状态 47

   49 expression: STR_CONST •

    $default  使用规则 49 以归约 (expression)


状态 48

   48 expression: INT_CONST •

    $default  使用规则 48 以归约 (expression)


状态 49

   50 expression: BOOL_CONST •

    $default  使用规则 50 以归约 (expression)


状态 50

   26 expression: OBJECTID • ASSIGN expression
   29           | OBJECTID • '(' real_arg_list ')'
   47           | OBJECTID •

    ASSIGN  偏移，并进入状态 65
    '('     偏移，并进入状态 66

    $default  使用规则 47 以归约 (expression)


状态 51

   45 expression: NOT • expression

    error       偏移，并进入状态 40
    IF          偏移，并进入状态 41
    LET         偏移，并进入状态 42
    WHILE       偏移，并进入状态 43
    CASE        偏移，并进入状态 44
    NEW         偏移，并进入状态 45
    ISVOID      偏移，并进入状态 46
    STR_CONST   偏移，并进入状态 47
    INT_CONST   偏移，并进入状态 48
    BOOL_CONST  偏移，并进入状态 49
    OBJECTID    偏移，并进入状态 50
    NOT         偏移，并进入状态 51
    '~'         偏移，并进入状态 52
    '{'         偏移，并进入状态 53
    '('         偏移，并进入状态 54

    expression  转到状态 67


状态 52

   41 expression: '~' • expression

    error       偏移，并进入状态 40
    IF          偏移，并进入状态 41
    LET         偏移，并进入状态 42
    WHILE       偏移，并进入状态 43
    CASE        偏移，并进入状态 44
    NEW         偏移，并进入状态 45
    ISVOID      偏移，并进入状态 46
    STR_CONST   偏移，并进入状态 47
    INT_CONST   偏移，并进入状态 48
    BOOL_CONST  偏移，并进入状态 49
    OBJECTID    偏移，并进入状态 50
    NOT         偏移，并进入状态 51
    '~'         偏移，并进入状态 52
    '{'         偏移，并进入状态 53
    '('         偏移，并进入状态 54

    expression  转到状态 68


状态 53

   32 expression: '{' • expressions_block '}'

    error       偏移，并进入状态 69
    IF          偏移，并进入状态 41
    LET         偏移，并进入状态 42
    WHILE       偏移，并进入状态 43
    CASE        偏移，并进入状态 44
    NEW         偏移，并进入状态 45
    ISVOID      偏移，并进入状态 46
    STR_CONST   偏移，并进入状态 47
    INT_CONST   偏移，并进入状态 48
    BOOL_CONST  偏移，并进入状态 49
    OBJECTID    偏移，并进入状态 50
    NOT         偏移，并进入状态 51
    '~'         偏移，并进入状态 52
    '{'         偏移，并进入状态 53
    '('         偏移，并进入状态 54

    expressions_block  转到状态 70
    expression         转到状态 71


状态 54

   46 expression: '(' • expression ')'

    error       偏移，并进入状态 40
    IF          偏移，并进入状态 41
    LET         偏移，并进入状态 42
    WHILE       偏移，并进入状态 43
    CASE        偏移，并进入状态 44
    NEW         偏移，并进入状态 45
    ISVOID      偏移，并进入状态 46
    STR_CONST   偏移，并进入状态 47
    INT_CONST   偏移，并进入状态 48
    BOOL_CONST  偏移，并进入状态 49
    OBJECTID    偏移，并进入状态 50
    NOT         偏移，并进入状态 51
    '~'         偏移，并进入状态 52
    '{'         偏移，并进入状态 53
    '('         偏移，并进入状态 54

    expression  转到状态 72


状态 55

   11 feature: OBJECTID ':' TYPEID ASSIGN expression • ';'
   27 expression: expression • '.' OBJECTID '(' real_arg_list ')'
   28           | expression • '@' TYPEID '.' OBJECTID '(' real_arg_list ')'
   37           | expression • '+' expression
   38           | expression • '-' expression
   39           | expression • '*' expression
   40           | expression • '/' expression
   42           | expression • '<' expression
   43           | expression • LE expression
   44           | expression • '=' expression

    LE   偏移，并进入状态 73
    '<'  偏移，并进入状态 74
    '='  偏移，并进入状态 75
    '+'  偏移，并进入状态 76
    '-'  偏移，并进入状态 77
    '*'  偏移，并进入状态 78
    '/'  偏移，并进入状态 79
    '@'  偏移，并进入状态 80
    '.'  偏移，并进入状态 81
    ';'  偏移，并进入状态 82


状态 56

    9 feature: OBJECTID '(' formal_list ')' ':' TYPEID • '{' expression '}' ';'

    '{'  偏移，并进入状态 83


状态 57

   27 expression: expression • '.' OBJECTID '(' real_arg_list ')'
   28           | expression • '@' TYPEID '.' OBJECTID '(' real_arg_list ')'
   30           | IF expression • THEN expression ELSE expression FI
   37           | expression • '+' expression
   38           | expression • '-' expression
   39           | expression • '*' expression
   40           | expression • '/' expression
   42           | expression • '<' expression
   43           | expression • LE expression
   44           | expression • '=' expression

    THEN  偏移，并进入状态 84
    LE    偏移，并进入状态 73
    '<'   偏移，并进入状态 74
    '='   偏移，并进入状态 75
    '+'   偏移，并进入状态 76
    '-'   偏移，并进入状态 77
    '*'   偏移，并进入状态 78
    '/'   偏移，并进入状态 79
    '@'   偏移，并进入状态 80
    '.'   偏移，并进入状态 81


状态 58

   56 let: error • IN expression
   57    | error • ',' let

    IN   偏移，并进入状态 85
    ','  偏移，并进入状态 86


状态 59

   52 let: OBJECTID • ':' TYPEID IN expression
   53    | OBJECTID • ':' TYPEID ASSIGN expression IN expression
   54    | OBJECTID • ':' TYPEID ',' let
   55    | OBJECTID • ':' TYPEID ASSIGN expression ',' let

    ':'  偏移，并进入状态 87


状态 60

   33 expression: LET let •

    $default  使用规则 33 以归约 (expression)


状态 61

   27 expression: expression • '.' OBJECTID '(' real_arg_list ')'
   28           | expression • '@' TYPEID '.' OBJECTID '(' real_arg_list ')'
   31           | WHILE expression • LOOP expression POOL
   37           | expression • '+' expression
   38           | expression • '-' expression
   39           | expression • '*' expression
   40           | expression • '/' expression
   42           | expression • '<' expression
   43           | expression • LE expression
   44           | expression • '=' expression

    LOOP  偏移，并进入状态 88
    LE    偏移，并进入状态 73
    '<'   偏移，并进入状态 74
    '='   偏移，并进入状态 75
    '+'   偏移，并进入状态 76
    '-'   偏移，并进入状态 77
    '*'   偏移，并进入状态 78
    '/'   偏移，并进入状态 79
    '@'   偏移，并进入状态 80
    '.'   偏移，并进入状态 81


状态 62

   27 expression: expression • '.' OBJECTID '(' real_arg_list ')'
   28           | expression • '@' TYPEID '.' OBJECTID '(' real_arg_list ')'
   34           | CASE expression • OF case_list ESAC
   37           | expression • '+' expression
   38           | expression • '-' expression
   39           | expression • '*' expression
   40           | expression • '/' expression
   42           | expression • '<' expression
   43           | expression • LE expression
   44           | expression • '=' expression

    OF   偏移，并进入状态 89
    LE   偏移，并进入状态 73
    '<'  偏移，并进入状态 74
    '='  偏移，并进入状态 75
    '+'  偏移，并进入状态 76
    '-'  偏移，并进入状态 77
    '*'  偏移，并进入状态 78
    '/'  偏移，并进入状态 79
    '@'  偏移，并进入状态 80
    '.'  偏移，并进入状态 81


状态 63

   35 expression: NEW TYPEID •

    $default  使用规则 35 以归约 (expression)


状态 64

   27 expression: expression • '.' OBJECTID '(' real_arg_list ')'
   28           | expression • '@' TYPEID '.' OBJECTID '(' real_arg_list ')'
   36           | ISVOID expression •
   37           | expression • '+' expression
   38           | expression • '-' expression
   39           | expression • '*' expression
   40           | expression • '/' expression
   42           | expression • '<' expression
   43           | expression • LE expression
   44           | expression • '=' expression

    '@'  偏移，并进入状态 80
    '.'  偏移，并进入状态 81

    $default  使用规则 36 以归约 (expression)


状态 65

   26 expression: OBJECTID ASSIGN • expression

    error       偏移，并进入状态 40
    IF          偏移，并进入状态 41
    LET         偏移，并进入状态 42
    WHILE       偏移，并进入状态 43
    CASE        偏移，并进入状态 44
    NEW         偏移，并进入状态 45
    ISVOID      偏移，并进入状态 46
    STR_CONST   偏移，并进入状态 47
    INT_CONST   偏移，并进入状态 48
    BOOL_CONST  偏移，并进入状态 49
    OBJECTID    偏移，并进入状态 50
    NOT         偏移，并进入状态 51
    '~'         偏移，并进入状态 52
    '{'         偏移，并进入状态 53
    '('         偏移，并进入状态 54

    expression  转到状态 90


状态 66

   29 expression: OBJECTID '(' • real_arg_list ')'

    error       偏移，并进入状态 91
    IF          偏移，并进入状态 41
    LET         偏移，并进入状态 42
    WHILE       偏移，并进入状态 43
    CASE        偏移，并进入状态 44
    NEW         偏移，并进入状态 45
    ISVOID      偏移，并进入状态 46
    STR_CONST   偏移，并进入状态 47
    INT_CONST   偏移，并进入状态 48
    BOOL_CONST  偏移，并进入状态 49
    OBJECTID    偏移，并进入状态 50
    NOT         偏移，并进入状态 51
    '~'         偏移，并进入状态 52
    '{'         偏移，并进入状态 53
    '('         偏移，并进入状态 54

    ')'  使用规则 19 以归约 (real_arg_list)
    ','  使用规则 19 以归约 (real_arg_list)

    real_arg_list  转到状态 92
    expression     转到状态 93


状态 67

   27 expression: expression • '.' OBJECTID '(' real_arg_list ')'
   28           | expression • '@' TYPEID '.' OBJECTID '(' real_arg_list ')'
   37           | expression • '+' expression
   38           | expression • '-' expression
   39           | expression • '*' expression
   40           | expression • '/' expression
   42           | expression • '<' expression
   43           | expression • LE expression
   44           | expression • '=' expression
   45           | NOT expression •

    LE   偏移，并进入状态 73
    '<'  偏移，并进入状态 74
    '='  偏移，并进入状态 75
    '+'  偏移，并进入状态 76
    '-'  偏移，并进入状态 77
    '*'  偏移，并进入状态 78
    '/'  偏移，并进入状态 79
    '@'  偏移，并进入状态 80
    '.'  偏移，并进入状态 81

    $default  使用规则 45 以归约 (expression)


状态 68

   27 expression: expression • '.' OBJECTID '(' real_arg_list ')'
   28           | expression • '@' TYPEID '.' OBJECTID '(' real_arg_list ')'
   37           | expression • '+' expression
   38           | expression • '-' expression
   39           | expression • '*' expression
   40           | expression • '/' expression
   41           | '~' expression •
   42           | expression • '<' expression
   43           | expression • LE expression
   44           | expression • '=' expression

    '@'  偏移，并进入状态 80
    '.'  偏移，并进入状态 81

    $default  使用规则 41 以归约 (expression)


状态 69

   25 expressions_block: error • ';'
   51 expression: error •

    ';'  偏移，并进入状态 94

    ';'       [使用规则 51 以归约 (expression)]
    $default  使用规则 51 以归约 (expression)


状态 70

   24 expressions_block: expressions_block • expression ';'
   32 expression: '{' expressions_block • '}'

    error       偏移，并进入状态 40
    IF          偏移，并进入状态 41
    LET         偏移，并进入状态 42
    WHILE       偏移，并进入状态 43
    CASE        偏移，并进入状态 44
    NEW         偏移，并进入状态 45
    ISVOID      偏移，并进入状态 46
    STR_CONST   偏移，并进入状态 47
    INT_CONST   偏移，并进入状态 48
    BOOL_CONST  偏移，并进入状态 49
    OBJECTID    偏移，并进入状态 50
    NOT         偏移，并进入状态 51
    '~'         偏移，并进入状态 52
    '{'         偏移，并进入状态 53
    '}'         偏移，并进入状态 95
    '('         偏移，并进入状态 54

    expression  转到状态 96


状态 71

   23 expressions_block: expression • ';'
   27 expression: expression • '.' OBJECTID '(' real_arg_list ')'
   28           | expression • '@' TYPEID '.' OBJECTID '(' real_arg_list ')'
   37           | expression • '+' expression
   38           | expression • '-' expression
   39           | expression • '*' expression
   40           | expression • '/' expression
   42           | expression • '<' expression
   43           | expression • LE expression
   44           | expression • '=' expression

    LE   偏移，并进入状态 73
    '<'  偏移，并进入状态 74
    '='  偏移，并进入状态 75
    '+'  偏移，并进入状态 76
    '-'  偏移，并进入状态 77
    '*'  偏移，并进入状态 78
    '/'  偏移，并进入状态 79
    '@'  偏移，并进入状态 80
    '.'  偏移，并进入状态 81
    ';'  偏移，并进入状态 97


状态 72

   27 expression: expression • '.' OBJECTID '(' real_arg_list ')'
   28           | expression • '@' TYPEID '.' OBJECTID '(' real_arg_list ')'
   37           | expression • '+' expression
   38           | expression • '-' expression
   39           | expression • '*' expression
   40           | expression • '/' expression
   42           | expression • '<' expression
   43           | expression • LE expression
   44           | expression • '=' expression
   46           | '(' expression • ')'

    LE   偏移，并进入状态 73
    '<'  偏移，并进入状态 74
    '='  偏移，并进入状态 75
    '+'  偏移，并进入状态 76
    '-'  偏移，并进入状态 77
    '*'  偏移，并进入状态 78
    '/'  偏移，并进入状态 79
    '@'  偏移，并进入状态 80
    '.'  偏移，并进入状态 81
    ')'  偏移，并进入状态 98


状态 73

   43 expression: expression LE • expression

    error       偏移，并进入状态 40
    IF          偏移，并进入状态 41
    LET         偏移，并进入状态 42
    WHILE       偏移，并进入状态 43
    CASE        偏移，并进入状态 44
    NEW         偏移，并进入状态 45
    ISVOID      偏移，并进入状态 46
    STR_CONST   偏移，并进入状态 47
    INT_CONST   偏移，并进入状态 48
    BOOL_CONST  偏移，并进入状态 49
    OBJECTID    偏移，并进入状态 50
    NOT         偏移，并进入状态 51
    '~'         偏移，并进入状态 52
    '{'         偏移，并进入状态 53
    '('         偏移，并进入状态 54

    expression  转到状态 99


状态 74

   42 expression: expression '<' • expression

    error       偏移，并进入状态 40
    IF          偏移，并进入状态 41
    LET         偏移，并进入状态 42
    WHILE       偏移，并进入状态 43
    CASE        偏移，并进入状态 44
    NEW         偏移，并进入状态 45
    ISVOID      偏移，并进入状态 46
    STR_CONST   偏移，并进入状态 47
    INT_CONST   偏移，并进入状态 48
    BOOL_CONST  偏移，并进入状态 49
    OBJECTID    偏移，并进入状态 50
    NOT         偏移，并进入状态 51
    '~'         偏移，并进入状态 52
    '{'         偏移，并进入状态 53
    '('         偏移，并进入状态 54

    expression  转到状态 100


状态 75

   44 expression: expression '=' • expression

    error       偏移，并进入状态 40
    IF          偏移，并进入状态 41
    LET         偏移，并进入状态 42
    WHILE       偏移，并进入状态 43
    CASE        偏移，并进入状态 44
    NEW         偏移，并进入状态 45
    ISVOID      偏移，并进入状态 46
    STR_CONST   偏移，并进入状态 47
    INT_CONST   偏移，并进入状态 48
    BOOL_CONST  偏移，并进入状态 49
    OBJECTID    偏移，并进入状态 50
    NOT         偏移，并进入状态 51
    '~'         偏移，并进入状态 52
    '{'         偏移，并进入状态 53
    '('         偏移，并进入状态 54

    expression  转到状态 101


状态 76

   37 expression: expression '+' • expression

    error       偏移，并进入状态 40
    IF          偏移，并进入状态 41
    LET         偏移，并进入状态 42
    WHILE       偏移，并进入状态 43
    CASE        偏移，并进入状态 44
    NEW         偏移，并进入状态 45
    ISVOID      偏移，并进入状态 46
    STR_CONST   偏移，并进入状态 47
    INT_CONST   偏移，并进入状态 48
    BOOL_CONST  偏移，并进入状态 49
    OBJECTID    偏移，并进入状态 50
    NOT         偏移，并进入状态 51
    '~'         偏移，并进入状态 52
    '{'         偏移，并进入状态 53
    '('         偏移，并进入状态 54

    expression  转到状态 102


状态 77

   38 expression: expression '-' • expression

    error       偏移，并进入状态 40
    IF          偏移，并进入状态 41
    LET         偏移，并进入状态 42
    WHILE       偏移，并进入状态 43
    CASE        偏移，并进入状态 44
    NEW         偏移，并进入状态 45
    ISVOID      偏移，并进入状态 46
    STR_CONST   偏移，并进入状态 47
    INT_CONST   偏移，并进入状态 48
    BOOL_CONST  偏移，并进入状态 49
    OBJECTID    偏移，并进入状态 50
    NOT         偏移，并进入状态 51
    '~'         偏移，并进入状态 52
    '{'         偏移，并进入状态 53
    '('         偏移，并进入状态 54

    expression  转到状态 103


状态 78

   39 expression: expression '*' • expression

    error       偏移，并进入状态 40
    IF          偏移，并进入状态 41
    LET         偏移，并进入状态 42
    WHILE       偏移，并进入状态 43
    CASE        偏移，并进入状态 44
    NEW         偏移，并进入状态 45
    ISVOID      偏移，并进入状态 46
    STR_CONST   偏移，并进入状态 47
    INT_CONST   偏移，并进入状态 48
    BOOL_CONST  偏移，并进入状态 49
    OBJECTID    偏移，并进入状态 50
    NOT         偏移，并进入状态 51
    '~'         偏移，并进入状态 52
    '{'         偏移，并进入状态 53
    '('         偏移，并进入状态 54

    expression  转到状态 104


状态 79

   40 expression: expression '/' • expression

    error       偏移，并进入状态 40
    IF          偏移，并进入状态 41
    LET         偏移，并进入状态 42
    WHILE       偏移，并进入状态 43
    CASE        偏移，并进入状态 44
    NEW         偏移，并进入状态 45
    ISVOID      偏移，并进入状态 46
    STR_CONST   偏移，并进入状态 47
    INT_CONST   偏移，并进入状态 48
    BOOL_CONST  偏移，并进入状态 49
    OBJECTID    偏移，并进入状态 50
    NOT         偏移，并进入状态 51
    '~'         偏移，并进入状态 52
    '{'         偏移，并进入状态 53
    '('         偏移，并进入状态 54

    expression  转到状态 105


状态 80

   28 expression: expression '@' • TYPEID '.' OBJECTID '(' real_arg_list ')'

    TYPEID  偏移，并进入状态 106


状态 81

   27 expression: expression '.' • OBJECTID '(' real_arg_list ')'

    OBJECTID  偏移，并进入状态 107


状态 82

   11 feature: OBJECTID ':' TYPEID ASSIGN expression ';' •

    $default  使用规则 11 以归约 (feature)


状态 83

    9 feature: OBJECTID '(' formal_list ')' ':' TYPEID '{' • expression '}' ';'

    error       偏移，并进入状态 40
    IF          偏移，并进入状态 41
    LET         偏移，并进入状态 42
    WHILE       偏移，并进入状态 43
    CASE        偏移，并进入状态 44
    NEW         偏移，并进入状态 45
    ISVOID      偏移，并进入状态 46
    STR_CONST   偏移，并进入状态 47
    INT_CONST   偏移，并进入状态 48
    BOOL_CONST  偏移，并进入状态 49
    OBJECTID    偏移，并进入状态 50
    NOT         偏移，并进入状态 51
    '~'         偏移，并进入状态 52
    '{'         偏移，并进入状态 53
    '('         偏移，并进入状态 54

    expression  转到状态 108


状态 84

   30 expression: IF expression THEN • expression ELSE expression FI

    error       偏移，并进入状态 40
    IF          偏移，并进入状态 41
    LET         偏移，并进入状态 42
    WHILE       偏移，并进入状态 43
    CASE        偏移，并进入状态 44
    NEW         偏移，并进入状态 45
    ISVOID      偏移，并进入状态 46
    STR_CONST   偏移，并进入状态 47
    INT_CONST   偏移，并进入状态 48
    BOOL_CONST  偏移，并进入状态 49
    OBJECTID    偏移，并进入状态 50
    NOT         偏移，并进入状态 51
    '~'         偏移，并进入状态 52
    '{'         偏移，并进入状态 53
    '('         偏移，并进入状态 54

    expression  转到状态 109


状态 85

   56 let: error IN • expression

    error       偏移，并进入状态 40
    IF          偏移，并进入状态 41
    LET         偏移，并进入状态 42
    WHILE       偏移，并进入状态 43
    CASE        偏移，并进入状态 44
    NEW         偏移，并进入状态 45
    ISVOID      偏移，并进入状态 46
    STR_CONST   偏移，并进入状态 47
    INT_CONST   偏移，并进入状态 48
    BOOL_CONST  偏移，并进入状态 49
    OBJECTID    偏移，并进入状态 50
    NOT         偏移，并进入状态 51
    '~'         偏移，并进入状态 52
    '{'         偏移，并进入状态 53
    '('         偏移，并进入状态 54

    expression  转到状态 110


状态 86

   57 let: error ',' • let

    error     偏移，并进入状态 58
    OBJECTID  偏移，并进入状态 59

    let  转到状态 111


状态 87

   52 let: OBJECTID ':' • TYPEID IN expression
   53    | OBJECTID ':' • TYPEID ASSIGN expression IN expression
   54    | OBJECTID ':' • TYPEID ',' let
   55    | OBJECTID ':' • TYPEID ASSIGN expression ',' let

    TYPEID  偏移，并进入状态 112


状态 88

   31 expression: WHILE expression LOOP • expression POOL

    error       偏移，并进入状态 40
    IF          偏移，并进入状态 41
    LET         偏移，并进入状态 42
    WHILE       偏移，并进入状态 43
    CASE        偏移，并进入状态 44
    NEW         偏移，并进入状态 45
    ISVOID      偏移，并进入状态 46
    STR_CONST   偏移，并进入状态 47
    INT_CONST   偏移，并进入状态 48
    BOOL_CONST  偏移，并进入状态 49
    OBJECTID    偏移，并进入状态 50
    NOT         偏移，并进入状态 51
    '~'         偏移，并进入状态 52
    '{'         偏移，并进入状态 53
    '('         偏移，并进入状态 54

    expression  转到状态 113


状态 89

   34 expression: CASE expression OF • case_list ESAC

    error     偏移，并进入状态 114
    OBJECTID  偏移，并进入状态 115

    case_list  转到状态 116
    case       转到状态 117


状态 90

   26 expression: OBJECTID ASSIGN expression •
   27           | expression • '.' OBJECTID '(' real_arg_list ')'
   28           | expression • '@' TYPEID '.' OBJECTID '(' real_arg_list ')'
   37           | expression • '+' expression
   38           | expression • '-' expression
   39           | expression • '*' expression
   40           | expression • '/' expression
   42           | expression • '<' expression
   43           | expression • LE expression
   44           | expression • '=' expression

    LE   偏移，并进入状态 73
    '<'  偏移，并进入状态 74
    '='  偏移，并进入状态 75
    '+'  偏移，并进入状态 76
    '-'  偏移，并进入状态 77
    '*'  偏移，并进入状态 78
    '/'  偏移，并进入状态 79
    '@'  偏移，并进入状态 80
    '.'  偏移，并进入状态 81

    $default  使用规则 26 以归约 (expression)


状态 91

   22 real_arg_list: error •
   51 expression: error •

    ')'       使用规则 22 以归约 (real_arg_list)
    ')'       [使用规则 51 以归约 (expression)]
    ','       使用规则 22 以归约 (real_arg_list)
    ','       [使用规则 51 以归约 (expression)]
    $default  使用规则 51 以归约 (expression)


状态 92

   21 real_arg_list: real_arg_list • ',' expression
   29 expression: OBJECTID '(' real_arg_list • ')'

    ')'  偏移，并进入状态 118
    ','  偏移，并进入状态 119


状态 93

   20 real_arg_list: expression •
   27 expression: expression • '.' OBJECTID '(' real_arg_list ')'
   28           | expression • '@' TYPEID '.' OBJECTID '(' real_arg_list ')'
   37           | expression • '+' expression
   38           | expression • '-' expression
   39           | expression • '*' expression
   40           | expression • '/' expression
   42           | expression • '<' expression
   43           | expression • LE expression
   44           | expression • '=' expression

    LE   偏移，并进入状态 73
    '<'  偏移，并进入状态 74
    '='  偏移，并进入状态 75
    '+'  偏移，并进入状态 76
    '-'  偏移，并进入状态 77
    '*'  偏移，并进入状态 78
    '/'  偏移，并进入状态 79
    '@'  偏移，并进入状态 80
    '.'  偏移，并进入状态 81

    $default  使用规则 20 以归约 (real_arg_list)


状态 94

   25 expressions_block: error ';' •

    $default  使用规则 25 以归约 (expressions_block)


状态 95

   32 expression: '{' expressions_block '}' •

    $default  使用规则 32 以归约 (expression)


状态 96

   24 expressions_block: expressions_block expression • ';'
   27 expression: expression • '.' OBJECTID '(' real_arg_list ')'
   28           | expression • '@' TYPEID '.' OBJECTID '(' real_arg_list ')'
   37           | expression • '+' expression
   38           | expression • '-' expression
   39           | expression • '*' expression
   40           | expression • '/' expression
   42           | expression • '<' expression
   43           | expression • LE expression
   44           | expression • '=' expression

    LE   偏移，并进入状态 73
    '<'  偏移，并进入状态 74
    '='  偏移，并进入状态 75
    '+'  偏移，并进入状态 76
    '-'  偏移，并进入状态 77
    '*'  偏移，并进入状态 78
    '/'  偏移，并进入状态 79
    '@'  偏移，并进入状态 80
    '.'  偏移，并进入状态 81
    ';'  偏移，并进入状态 120


状态 97

   23 expressions_block: expression ';' •

    $default  使用规则 23 以归约 (expressions_block)


状态 98

   46 expression: '(' expression ')' •

    $default  使用规则 46 以归约 (expression)


状态 99

   27 expression: expression • '.' OBJECTID '(' real_arg_list ')'
   28           | expression • '@' TYPEID '.' OBJECTID '(' real_arg_list ')'
   37           | expression • '+' expression
   38           | expression • '-' expression
   39           | expression • '*' expression
   40           | expression • '/' expression
   42           | expression • '<' expression
   43           | expression • LE expression
   43           | expression LE expression •
   44           | expression • '=' expression

    '+'  偏移，并进入状态 76
    '-'  偏移，并进入状态 77
    '*'  偏移，并进入状态 78
    '/'  偏移，并进入状态 79
    '@'  偏移，并进入状态 80
    '.'  偏移，并进入状态 81

    LE   错误 (非相联的)
    '<'  错误 (非相联的)
    '='  错误 (非相联的)

    $default  使用规则 43 以归约 (expression)


状态 100

   27 expression: expression • '.' OBJECTID '(' real_arg_list ')'
   28           | expression • '@' TYPEID '.' OBJECTID '(' real_arg_list ')'
   37           | expression • '+' expression
   38           | expression • '-' expression
   39           | expression • '*' expression
   40           | expression • '/' expression
   42           | expression • '<' expression
   42           | expression '<' expression •
   43           | expression • LE expression
   44           | expression • '=' expression

    '+'  偏移，并进入状态 76
    '-'  偏移，并进入状态 77
    '*'  偏移，并进入状态 78
    '/'  偏移，并进入状态 79
    '@'  偏移，并进入状态 80
    '.'  偏移，并进入状态 81

    LE   错误 (非相联的)
    '<'  错误 (非相联的)
    '='  错误 (非相联的)

    $default  使用规则 42 以归约 (expression)


状态 101

   27 expression: expression • '.' OBJECTID '(' real_arg_list ')'
   28           | expression • '@' TYPEID '.' OBJECTID '(' real_arg_list ')'
   37           | expression • '+' expression
   38           | expression • '-' expression
   39           | expression • '*' expression
   40           | expression • '/' expression
   42           | expression • '<' expression
   43           | expression • LE expression
   44           | expression • '=' expression
   44           | expression '=' expression •

    '+'  偏移，并进入状态 76
    '-'  偏移，并进入状态 77
    '*'  偏移，并进入状态 78
    '/'  偏移，并进入状态 79
    '@'  偏移，并进入状态 80
    '.'  偏移，并进入状态 81

    LE   错误 (非相联的)
    '<'  错误 (非相联的)
    '='  错误 (非相联的)

    $default  使用规则 44 以归约 (expression)


状态 102

   27 expression: expression • '.' OBJECTID '(' real_arg_list ')'
   28           | expression • '@' TYPEID '.' OBJECTID '(' real_arg_list ')'
   37           | expression • '+' expression
   37           | expression '+' expression •
   38           | expression • '-' expression
   39           | expression • '*' expression
   40           | expression • '/' expression
   42           | expression • '<' expression
   43           | expression • LE expression
   44           | expression • '=' expression

    '*'  偏移，并进入状态 78
    '/'  偏移，并进入状态 79
    '@'  偏移，并进入状态 80
    '.'  偏移，并进入状态 81

    $default  使用规则 37 以归约 (expression)


状态 103

   27 expression: expression • '.' OBJECTID '(' real_arg_list ')'
   28           | expression • '@' TYPEID '.' OBJECTID '(' real_arg_list ')'
   37           | expression • '+' expression
   38           | expression • '-' expression
   38           | expression '-' expression •
   39           | expression • '*' expression
   40           | expression • '/' expression
   42           | expression • '<' expression
   43           | expression • LE expression
   44           | expression • '=' expression

    '*'  偏移，并进入状态 78
    '/'  偏移，并进入状态 79
    '@'  偏移，并进入状态 80
    '.'  偏移，并进入状态 81

    $default  使用规则 38 以归约 (expression)


状态 104

   27 expression: expression • '.' OBJECTID '(' real_arg_list ')'
   28           | expression • '@' TYPEID '.' OBJECTID '(' real_arg_list ')'
   37           | expression • '+' expression
   38           | expression • '-' expression
   39           | expression • '*' expression
   39           | expression '*' expression •
   40           | expression • '/' expression
   42           | expression • '<' expression
   43           | expression • LE expression
   44           | expression • '=' expression

    '@'  偏移，并进入状态 80
    '.'  偏移，并进入状态 81

    $default  使用规则 39 以归约 (expression)


状态 105

   27 expression: expression • '.' OBJECTID '(' real_arg_list ')'
   28           | expression • '@' TYPEID '.' OBJECTID '(' real_arg_list ')'
   37           | expression • '+' expression
   38           | expression • '-' expression
   39           | expression • '*' expression
   40           | expression • '/' expression
   40           | expression '/' expression •
   42           | expression • '<' expression
   43           | expression • LE expression
   44           | expression • '=' expression

    '@'  偏移，并进入状态 80
    '.'  偏移，并进入状态 81

    $default  使用规则 40 以归约 (expression)


状态 106

   28 expression: expression '@' TYPEID • '.' OBJECTID '(' real_arg_list ')'

    '.'  偏移，并进入状态 121


状态 107

   27 expression: expression '.' OBJECTID • '(' real_arg_list ')'

    '('  偏移，并进入状态 122


状态 108

    9 feature: OBJECTID '(' formal_list ')' ':' TYPEID '{' expression • '}' ';'
   27 expression: expression • '.' OBJECTID '(' real_arg_list ')'
   28           | expression • '@' TYPEID '.' OBJECTID '(' real_arg_list ')'
   37           | expression • '+' expression
   38           | expression • '-' expression
   39           | expression • '*' expression
   40           | expression • '/' expression
   42           | expression • '<' expression
   43           | expression • LE expression
   44           | expression • '=' expression

    LE   偏移，并进入状态 73
    '<'  偏移，并进入状态 74
    '='  偏移，并进入状态 75
    '+'  偏移，并进入状态 76
    '-'  偏移，并进入状态 77
    '*'  偏移，并进入状态 78
    '/'  偏移，并进入状态 79
    '@'  偏移，并进入状态 80
    '.'  偏移，并进入状态 81
    '}'  偏移，并进入状态 123


状态 109

   27 expression: expression • '.' OBJECTID '(' real_arg_list ')'
   28           | expression • '@' TYPEID '.' OBJECTID '(' real_arg_list ')'
   30           | IF expression THEN expression • ELSE expression FI
   37           | expression • '+' expression
   38           | expression • '-' expression
   39           | expression • '*' expression
   40           | expression • '/' expression
   42           | expression • '<' expression
   43           | expression • LE expression
   44           | expression • '=' expression

    ELSE  偏移，并进入状态 124
    LE    偏移，并进入状态 73
    '<'   偏移，并进入状态 74
    '='   偏移，并进入状态 75
    '+'   偏移，并进入状态 76
    '-'   偏移，并进入状态 77
    '*'   偏移，并进入状态 78
    '/'   偏移，并进入状态 79
    '@'   偏移，并进入状态 80
    '.'   偏移，并进入状态 81


状态 110

   27 expression: expression • '.' OBJECTID '(' real_arg_list ')'
   28           | expression • '@' TYPEID '.' OBJECTID '(' real_arg_list ')'
   37           | expression • '+' expression
   38           | expression • '-' expression
   39           | expression • '*' expression
   40           | expression • '/' expression
   42           | expression • '<' expression
   43           | expression • LE expression
   44           | expression • '=' expression
   56 let: error IN expression •

    LE   偏移，并进入状态 73
    '<'  偏移，并进入状态 74
    '='  偏移，并进入状态 75
    '+'  偏移，并进入状态 76
    '-'  偏移，并进入状态 77
    '*'  偏移，并进入状态 78
    '/'  偏移，并进入状态 79
    '@'  偏移，并进入状态 80
    '.'  偏移，并进入状态 81

    $default  使用规则 56 以归约 (let)


状态 111

   57 let: error ',' let •

    $default  使用规则 57 以归约 (let)


状态 112

   52 let: OBJECTID ':' TYPEID • IN expression
   53    | OBJECTID ':' TYPEID • ASSIGN expression IN expression
   54    | OBJECTID ':' TYPEID • ',' let
   55    | OBJECTID ':' TYPEID • ASSIGN expression ',' let

    IN      偏移，并进入状态 125
    ASSIGN  偏移，并进入状态 126
    ','     偏移，并进入状态 127


状态 113

   27 expression: expression • '.' OBJECTID '(' real_arg_list ')'
   28           | expression • '@' TYPEID '.' OBJECTID '(' real_arg_list ')'
   31           | WHILE expression LOOP expression • POOL
   37           | expression • '+' expression
   38           | expression • '-' expression
   39           | expression • '*' expression
   40           | expression • '/' expression
   42           | expression • '<' expression
   43           | expression • LE expression
   44           | expression • '=' expression

    POOL  偏移，并进入状态 128
    LE    偏移，并进入状态 73
    '<'   偏移，并进入状态 74
    '='   偏移，并进入状态 75
    '+'   偏移，并进入状态 76
    '-'   偏移，并进入状态 77
    '*'   偏移，并进入状态 78
    '/'   偏移，并进入状态 79
    '@'   偏移，并进入状态 80
    '.'   偏移，并进入状态 81


状态 114

   61 case: error •

    $default  使用规则 61 以归约 (case)


状态 115

   60 case: OBJECTID • ':' TYPEID DARROW expression ';'

    ':'  偏移，并进入状态 129


状态 116

   34 expression: CASE expression OF case_list • ESAC
   59 case_list: case_list • case

    error     偏移，并进入状态 114
    ESAC      偏移，并进入状态 130
    OBJECTID  偏移，并进入状态 115

    case  转到状态 131


状态 117

   58 case_list: case •

    $default  使用规则 58 以归约 (case_list)


状态 118

   29 expression: OBJECTID '(' real_arg_list ')' •

    $default  使用规则 29 以归约 (expression)


状态 119

   21 real_arg_list: real_arg_list ',' • expression

    error       偏移，并进入状态 40
    IF          偏移，并进入状态 41
    LET         偏移，并进入状态 42
    WHILE       偏移，并进入状态 43
    CASE        偏移，并进入状态 44
    NEW         偏移，并进入状态 45
    ISVOID      偏移，并进入状态 46
    STR_CONST   偏移，并进入状态 47
    INT_CONST   偏移，并进入状态 48
    BOOL_CONST  偏移，并进入状态 49
    OBJECTID    偏移，并进入状态 50
    NOT         偏移，并进入状态 51
    '~'         偏移，并进入状态 52
    '{'         偏移，并进入状态 53
    '('         偏移，并进入状态 54

    expression  转到状态 132


状态 120

   24 expressions_block: expressions_block expression ';' •

    $default  使用规则 24 以归约 (expressions_block)


状态 121

   28 expression: expression '@' TYPEID '.' • OBJECTID '(' real_arg_list ')'

    OBJECTID  偏移，并进入状态 133


状态 122

   27 expression: expression '.' OBJECTID '(' • real_arg_list ')'

    error       偏移，并进入状态 91
    IF          偏移，并进入状态 41
    LET         偏移，并进入状态 42
    WHILE       偏移，并进入状态 43
    CASE        偏移，并进入状态 44
    NEW         偏移，并进入状态 45
    ISVOID      偏移，并进入状态 46
    STR_CONST   偏移，并进入状态 47
    INT_CONST   偏移，并进入状态 48
    BOOL_CONST  偏移，并进入状态 49
    OBJECTID    偏移，并进入状态 50
    NOT         偏移，并进入状态 51
    '~'         偏移，并进入状态 52
    '{'         偏移，并进入状态 53
    '('         偏移，并进入状态 54

    ')'  使用规则 19 以归约 (real_arg_list)
    ','  使用规则 19 以归约 (real_arg_list)

    real_arg_list  转到状态 134
    expression     转到状态 93


状态 123

    9 feature: OBJECTID '(' formal_list ')' ':' TYPEID '{' expression '}' • ';'

    ';'  偏移，并进入状态 135


状态 124

   30 expression: IF expression THEN expression ELSE • expression FI

    error       偏移，并进入状态 40
    IF          偏移，并进入状态 41
    LET         偏移，并进入状态 42
    WHILE       偏移，并进入状态 43
    CASE        偏移，并进入状态 44
    NEW         偏移，并进入状态 45
    ISVOID      偏移，并进入状态 46
    STR_CONST   偏移，并进入状态 47
    INT_CONST   偏移，并进入状态 48
    BOOL_CONST  偏移，并进入状态 49
    OBJECTID    偏移，并进入状态 50
    NOT         偏移，并进入状态 51
    '~'         偏移，并进入状态 52
    '{'         偏移，并进入状态 53
    '('         偏移，并进入状态 54

    expression  转到状态 136


状态 125

   52 let: OBJECTID ':' TYPEID IN • expression

    error       偏移，并进入状态 40
    IF          偏移，并进入状态 41
    LET         偏移，并进入状态 42
    WHILE       偏移，并进入状态 43
    CASE        偏移，并进入状态 44
    NEW         偏移，并进入状态 45
    ISVOID      偏移，并进入状态 46
    STR_CONST   偏移，并进入状态 47
    INT_CONST   偏移，并进入状态 48
    BOOL_CONST  偏移，并进入状态 49
    OBJECTID    偏移，并进入状态 50
    NOT         偏移，并进入状态 51
    '~'         偏移，并进入状态 52
    '{'         偏移，并进入状态 53
    '('         偏移，并进入状态 54

    expression  转到状态 137


状态 126

   53 let: OBJECTID ':' TYPEID ASSIGN • expression IN expression
   55    | OBJECTID ':' TYPEID ASSIGN • expression ',' let

    error       偏移，并进入状态 40
    IF          偏移，并进入状态 41
    LET         偏移，并进入状态 42
    WHILE       偏移，并进入状态 43
    CASE        偏移，并进入状态 44
    NEW         偏移，并进入状态 45
    ISVOID      偏移，并进入状态 46
    STR_CONST   偏移，并进入状态 47
    INT_CONST   偏移，并进入状态 48
    BOOL_CONST  偏移，并进入状态 49
    OBJECTID    偏移，并进入状态 50
    NOT         偏移，并进入状态 51
    '~'         偏移，并进入状态 52
    '{'         偏移，并进入状态 53
    '('         偏移，并进入状态 54

    expression  转到状态 138


状态 127

   54 let: OBJECTID ':' TYPEID ',' • let

    error     偏移，并进入状态 58
    OBJECTID  偏移，并进入状态 59

    let  转到状态 139


状态 128

   31 expression: WHILE expression LOOP expression POOL •

    $default  使用规则 31 以归约 (expression)


状态 129

   60 case: OBJECTID ':' • TYPEID DARROW expression ';'

    TYPEID  偏移，并进入状态 140


状态 130

   34 expression: CASE expression OF case_list ESAC •

    $default  使用规则 34 以归约 (expression)


状态 131

   59 case_list: case_list case •

    $default  使用规则 59 以归约 (case_list)


状态 132

   21 real_arg_list: real_arg_list ',' expression •
   27 expression: expression • '.' OBJECTID '(' real_arg_list ')'
   28           | expression • '@' TYPEID '.' OBJECTID '(' real_arg_list ')'
   37           | expression • '+' expression
   38           | expression • '-' expression
   39           | expression • '*' expression
   40           | expression • '/' expression
   42           | expression • '<' expression
   43           | expression • LE expression
   44           | expression • '=' expression

    LE   偏移，并进入状态 73
    '<'  偏移，并进入状态 74
    '='  偏移，并进入状态 75
    '+'  偏移，并进入状态 76
    '-'  偏移，并进入状态 77
    '*'  偏移，并进入状态 78
    '/'  偏移，并进入状态 79
    '@'  偏移，并进入状态 80
    '.'  偏移，并进入状态 81

    $default  使用规则 21 以归约 (real_arg_list)


状态 133

   28 expression: expression '@' TYPEID '.' OBJECTID • '(' real_arg_list ')'

    '('  偏移，并进入状态 141


状态 134

   21 real_arg_list: real_arg_list • ',' expression
   27 expression: expression '.' OBJECTID '(' real_arg_list • ')'

    ')'  偏移，并进入状态 142
    ','  偏移，并进入状态 119


状态 135

    9 feature: OBJECTID '(' formal_list ')' ':' TYPEID '{' expression '}' ';' •

    $default  使用规则 9 以归约 (feature)


状态 136

   27 expression: expression • '.' OBJECTID '(' real_arg_list ')'
   28           | expression • '@' TYPEID '.' OBJECTID '(' real_arg_list ')'
   30           | IF expression THEN expression ELSE expression • FI
   37           | expression • '+' expression
   38           | expression • '-' expression
   39           | expression • '*' expression
   40           | expression • '/' expression
   42           | expression • '<' expression
   43           | expression • LE expression
   44           | expression • '=' expression

    FI   偏移，并进入状态 143
    LE   偏移，并进入状态 73
    '<'  偏移，并进入状态 74
    '='  偏移，并进入状态 75
    '+'  偏移，并进入状态 76
    '-'  偏移，并进入状态 77
    '*'  偏移，并进入状态 78
    '/'  偏移，并进入状态 79
    '@'  偏移，并进入状态 80
    '.'  偏移，并进入状态 81


状态 137

   27 expression: expression • '.' OBJECTID '(' real_arg_list ')'
   28           | expression • '@' TYPEID '.' OBJECTID '(' real_arg_list ')'
   37           | expression • '+' expression
   38           | expression • '-' expression
   39           | expression • '*' expression
   40           | expression • '/' expression
   42           | expression • '<' expression
   43           | expression • LE expression
   44           | expression • '=' expression
   52 let: OBJECTID ':' TYPEID IN expression •

    LE   偏移，并进入状态 73
    '<'  偏移，并进入状态 74
    '='  偏移，并进入状态 75
    '+'  偏移，并进入状态 76
    '-'  偏移，并进入状态 77
    '*'  偏移，并进入状态 78
    '/'  偏移，并进入状态 79
    '@'  偏移，并进入状态 80
    '.'  偏移，并进入状态 81

    $default  使用规则 52 以归约 (let)


状态 138

   27 expression: expression • '.' OBJECTID '(' real_arg_list ')'
   28           | expression • '@' TYPEID '.' OBJECTID '(' real_arg_list ')'
   37           | expression • '+' expression
   38           | expression • '-' expression
   39           | expression • '*' expression
   40           | expression • '/' expression
   42           | expression • '<' expression
   43           | expression • LE expression
   44           | expression • '=' expression
   53 let: OBJECTID ':' TYPEID ASSIGN expression • IN expression
   55    | OBJECTID ':' TYPEID ASSIGN expression • ',' let

    IN   偏移，并进入状态 144
    LE   偏移，并进入状态 73
    '<'  偏移，并进入状态 74
    '='  偏移，并进入状态 75
    '+'  偏移，并进入状态 76
    '-'  偏移，并进入状态 77
    '*'  偏移，并进入状态 78
    '/'  偏移，并进入状态 79
    '@'  偏移，并进入状态 80
    '.'  偏移，并进入状态 81
    ','  偏移，并进入状态 145


状态 139

   54 let: OBJECTID ':' TYPEID ',' let •

    $default  使用规则 54 以归约 (let)


状态 140

   60 case: OBJECTID ':' TYPEID • DARROW expression ';'

    DARROW  偏移，并进入状态 146


状态 141

   28 expression: expression '@' TYPEID '.' OBJECTID '(' • real_arg_list ')'

    error       偏移，并进入状态 91
    IF          偏移，并进入状态 41
    LET         偏移，并进入状态 42
    WHILE       偏移，并进入状态 43
    CASE        偏移，并进入状态 44
    NEW         偏移，并进入状态 45
    ISVOID      偏移，并进入状态 46
    STR_CONST   偏移，并进入状态 47
    INT_CONST   偏移，并进入状态 48
    BOOL_CONST  偏移，并进入状态 49
    OBJECTID    偏移，并进入状态 50
    NOT         偏移，并进入状态 51
    '~'         偏移，并进入状态 52
    '{'         偏移，并进入状态 53
    '('         偏移，并进入状态 54

    ')'  使用规则 19 以归约 (real_arg_list)
    ','  使用规则 19 以归约 (real_arg_list)

    real_arg_list  转到状态 147
    expression     转到状态 93


状态 142

   27 expression: expression '.' OBJECTID '(' real_arg_list ')' •

    $default  使用规则 27 以归约 (expression)


状态 143

   30 expression: IF expression THEN expression ELSE expression FI •

    $default  使用规则 30 以归约 (expression)


状态 144

   53 let: OBJECTID ':' TYPEID ASSIGN expression IN • expression

    error       偏移，并进入状态 40
    IF          偏移，并进入状态 41
    LET         偏移，并进入状态 42
    WHILE       偏移，并进入状态 43
    CASE        偏移，并进入状态 44
    NEW         偏移，并进入状态 45
    ISVOID      偏移，并进入状态 46
    STR_CONST   偏移，并进入状态 47
    INT_CONST   偏移，并进入状态 48
    BOOL_CONST  偏移，并进入状态 49
    OBJECTID    偏移，并进入状态 50
    NOT         偏移，并进入状态 51
    '~'         偏移，并进入状态 52
    '{'         偏移，并进入状态 53
    '('         偏移，并进入状态 54

    expression  转到状态 148


状态 145

   55 let: OBJECTID ':' TYPEID ASSIGN expression ',' • let

    error     偏移，并进入状态 58
    OBJECTID  偏移，并进入状态 59

    let  转到状态 149


状态 146

   60 case: OBJECTID ':' TYPEID DARROW • expression ';'

    error       偏移，并进入状态 40
    IF          偏移，并进入状态 41
    LET         偏移，并进入状态 42
    WHILE       偏移，并进入状态 43
    CASE        偏移，并进入状态 44
    NEW         偏移，并进入状态 45
    ISVOID      偏移，并进入状态 46
    STR_CONST   偏移，并进入状态 47
    INT_CONST   偏移，并进入状态 48
    BOOL_CONST  偏移，并进入状态 49
    OBJECTID    偏移，并进入状态 50
    NOT         偏移，并进入状态 51
    '~'         偏移，并进入状态 52
    '{'         偏移，并进入状态 53
    '('         偏移，并进入状态 54

    expression  转到状态 150


状态 147

   21 real_arg_list: real_arg_list • ',' expression
   28 expression: expression '@' TYPEID '.' OBJECTID '(' real_arg_list • ')'

    ')'  偏移，并进入状态 151
    ','  偏移，并进入状态 119


状态 148

   27 expression: expression • '.' OBJECTID '(' real_arg_list ')'
   28           | expression • '@' TYPEID '.' OBJECTID '(' real_arg_list ')'
   37           | expression • '+' expression
   38           | expression • '-' expression
   39           | expression • '*' expression
   40           | expression • '/' expression
   42           | expression • '<' expression
   43           | expression • LE expression
   44           | expression • '=' expression
   53 let: OBJECTID ':' TYPEID ASSIGN expression IN expression •

    LE   偏移，并进入状态 73
    '<'  偏移，并进入状态 74
    '='  偏移，并进入状态 75
    '+'  偏移，并进入状态 76
    '-'  偏移，并进入状态 77
    '*'  偏移，并进入状态 78
    '/'  偏移，并进入状态 79
    '@'  偏移，并进入状态 80
    '.'  偏移，并进入状态 81

    $default  使用规则 53 以归约 (let)


状态 149

   55 let: OBJECTID ':' TYPEID ASSIGN expression ',' let •

    $default  使用规则 55 以归约 (let)


状态 150

   27 expression: expression • '.' OBJECTID '(' real_arg_list ')'
   28           | expression • '@' TYPEID '.' OBJECTID '(' real_arg_list ')'
   37           | expression • '+' expression
   38           | expression • '-' expression
   39           | expression • '*' expression
   40           | expression • '/' expression
   42           | expression • '<' expression
   43           | expression • LE expression
   44           | expression • '=' expression
   60 case: OBJECTID ':' TYPEID DARROW expression • ';'

    LE   偏移，并进入状态 73
    '<'  偏移，并进入状态 74
    '='  偏移，并进入状态 75
    '+'  偏移，并进入状态 76
    '-'  偏移，并进入状态 77
    '*'  偏移，并进入状态 78
    '/'  偏移，并进入状态 79
    '@'  偏移，并进入状态 80
    '.'  偏移，并进入状态 81
    ';'  偏移，并进入状态 152


状态 151

   28 expression: expression '@' TYPEID '.' OBJECTID '(' real_arg_list ')' •

    $default  使用规则 28 以归约 (expression)


状态 152

   60 case: OBJECTID ':' TYPEID DARROW expression ';' •

    $default  使用规则 60 以归约 (case)
